Lorem ipsum dolor sit amet, consectetur adipiscing elit. Indicant pueri, in 
qiuibus ut in speculis natura cernitur. Restatis igitur vos; Fatebuntur Stoici 
haec omnia dicta esse praeclare, neque eam causam Zenoni desciscendi fuisse. 
Verum tamen cum de rebus grandioribus dicas, ipsae res verba rapiunt; Id mihi 
magnum videtur. At coluit ipse amicitias. Duo Reges: constructio interrete.

Quis istud possit, inquit, negare? Nos commodius agimus. Vidit Homerus probari 
fabulam non posse, si cantiunculis tantus irretitus vir teneretur; Nihil sane. 
At iam decimum annum in spelunca iacet. Graece donan, Latine voluptatem vocant. Ut aliquid scire se gaudeant?

Aliter enim explicari, quod quaeritur, non potest. Collatio igitur ista te 
nihil iuvat. Duo enim genera quae erant, fecit tria. Videsne quam sit magna 
dissensio? Sit hoc ultimum bonorum, quod nunc a me defenditur; Quae contraria 
sunt his, malane? Utrum igitur tibi litteram videor an totas paginas 
commovere? Duarum enim vitarum nobis erunt instituta capienda.

    Gracchum patrem non beatiorem fuisse quam fillum, cum alter stabilire rem publicam studuerit, alter evertere.
    Non modo carum sibi quemque, verum etiam vehementer carum esse?
    Sed vobis voluptatum perceptarum recordatio vitam beatam facit, et quidem corpore perceptarum.
    Quasi ego id curem, quid ille aiat aut neget.

    Ego vero volo in virtute vim esse quam maximam;
    Ut alios omittam, hunc appello, quem ille unum secutus est.
    Atqui iste locus est, Piso, tibi etiam atque etiam confirmandus, inquam;
    Tum ille: Tu autem cum ipse tantum librorum habeas, quos hic tandem requiris?
    Et quidem, Cato, hanc totam copiam iam Lucullo nostro notam esse oportebit;

Cur igitur, inquam, res tam dissimiles eodem nomine appellas? Igitur neque 
stultorum quisquam beatus neque sapientium non beatus. Inde sermone vario sex 
illa a Dipylo stadia confecimus. Quae est igitur causa istarum angustiarum? 
Mihi, inquam, qui te id ipsum rogavi?

Nam quid possumus facere melius? Aperiendum est igitur, quid sit voluptas; 
Eiuro, inquit adridens, iniquum, hac quidem de re; Septem autem illi non suo, 
sed populorum suffragio omnium nominati sunt. Suo genere perveniant ad 
extremum; Age, inquies, ista parva sunt. In quibus doctissimi illi veteres 
inesse quiddam caeleste et divinum putaverunt. An me, inquis, tam amentem putas, ut apud imperitos isto modo loquar?

tail.in
Lorem ipsum dolor sit amet, consectetur adipiscing elit. Indicant pueri, in 
qiuibus ut in speculis natura cernitur. Restatis igitur vos; Fatebuntur Stoici 
haec omnia dicta esse praeclare, neque eam causam Zenoni desciscendi fuisse. 
Verum tamen cum de rebus grandioribus dicas, ipsae res verba rapiunt; Id mihi 
magnum videtur. At coluit ipse amicitias. Duo Reges: constructio interrete.

Quis istud possit, inquit, negare? Nos commodius agimus. Vidit Homerus probari 
fabulam non posse, si cantiunculis tantus irretitus vir teneretur; Nihil sane. 
At iam decimum annum in spelunca iacet. Graece donan, Latine voluptatem vocant. Ut aliquid scire se gaudeant?

Aliter enim explicari, quod quaeritur, non potest. Collatio igitur ista te 
nihil iuvat. Duo enim genera quae erant, fecit tria. Videsne quam sit magna 
dissensio? Sit hoc ultimum bonorum, quod nunc a me defenditur; Quae contraria 
sunt his, malane? Utrum igitur tibi litteram videor an totas paginas 
commovere? Duarum enim vitarum nobis erunt instituta capienda.

    Gracchum patrem non beatiorem fuisse quam fillum, cum alter stabilire rem publicam studuerit, alter evertere.
    Non modo carum sibi quemque, verum etiam vehementer carum esse?
    Sed vobis voluptatum perceptarum recordatio vitam beatam facit, et quidem corpore perceptarum.
    Quasi ego id curem, quid ille aiat aut neget.

    Ego vero volo in virtute vim esse quam maximam;
    Ut alios omittam, hunc appello, quem ille unum secutus est.
    Atqui iste locus est, Piso, tibi etiam atque etiam confirmandus, inquam;
    Tum ille: Tu autem cum ipse tantum librorum habeas, quos hic tandem requiris?
    Et quidem, Cato, hanc totam copiam iam Lucullo nostro notam esse oportebit;

Cur igitur, inquam, res tam dissimiles eodem nomine appellas? Igitur neque 
stultorum quisquam beatus neque sapientium non beatus. Inde sermone vario sex 
illa a Dipylo stadia confecimus. Quae est igitur causa istarum angustiarum? 
Mihi, inquam, qui te id ipsum rogavi?

Nam quid possumus facere melius? Aperiendum est igitur, quid sit voluptas; 
Eiuro, inquit adridens, iniquum, hac quidem de re; Septem autem illi non suo, 
sed populorum suffragio omnium nominati sunt. Suo genere perveniant ad 
extremum; Age, inquies, ista parva sunt. In quibus doctissimi illi veteres 
inesse quiddam caeleste et divinum putaverunt. An me, inquis, tam amentem putas, ut apud imperitos isto modo loquar?

tail.in
Lorem ipsum dolor sit amet, consectetur adipiscing elit. Indicant pueri, in 
qiuibus ut in speculis natura cernitur. Restatis igitur vos; Fatebuntur Stoici 
haec omnia dicta esse praeclare, neque eam causam Zenoni desciscendi fuisse. 
Verum tamen cum de rebus grandioribus dicas, ipsae res verba rapiunt; Id mihi 
magnum videtur. At coluit ipse amicitias. Duo Reges: constructio interrete.

Quis istud possit, inquit, negare? Nos commodius agimus. Vidit Homerus probari 
fabulam non posse, si cantiunculis tantus irretitus vir teneretur; Nihil sane. 
At iam decimum annum in spelunca iacet. Graece donan, Latine voluptatem vocant. Ut aliquid scire se gaudeant?

Aliter enim explicari, quod quaeritur, non potest. Collatio igitur ista te 
nihil iuvat. Duo enim genera quae erant, fecit tria. Videsne quam sit magna 
dissensio? Sit hoc ultimum bonorum, quod nunc a me defenditur; Quae contraria 
sunt his, malane? Utrum igitur tibi litteram videor an totas paginas 
commovere? Duarum enim vitarum nobis erunt instituta capienda.

    Gracchum patrem non beatiorem fuisse quam fillum, cum alter stabilire rem publicam studuerit, alter evertere.
    Non modo carum sibi quemque, verum etiam vehementer carum esse?
    Sed vobis voluptatum perceptarum recordatio vitam beatam facit, et quidem corpore perceptarum.
    Quasi ego id curem, quid ille aiat aut neget.

    Ego vero volo in virtute vim esse quam maximam;
    Ut alios omittam, hunc appello, quem ille unum secutus est.
    Atqui iste locus est, Piso, tibi etiam atque etiam confirmandus, inquam;
    Tum ille: Tu autem cum ipse tantum librorum habeas, quos hic tandem requiris?
    Et quidem, Cato, hanc totam copiam iam Lucullo nostro notam esse oportebit;

Cur igitur, inquam, res tam dissimiles eodem nomine appellas? Igitur neque 
stultorum quisquam beatus neque sapientium non beatus. Inde sermone vario sex 
illa a Dipylo stadia confecimus. Quae est igitur causa istarum angustiarum? 
Mihi, inquam, qui te id ipsum rogavi?

Nam quid possumus facere melius? Aperiendum est igitur, quid sit voluptas; 
Eiuro, inquit adridens, iniquum, hac quidem de re; Septem autem illi non suo, 
sed populorum suffragio omnium nominati sunt. Suo genere perveniant ad 
extremum; Age, inquies, ista parva sunt. In quibus doctissimi illi veteres 
inesse quiddam caeleste et divinum putaverunt. An me, inquis, tam amentem putas, ut apud imperitos isto modo loquar?

tail.in
Lorem ipsum dolor sit amet, consectetur adipiscing elit. Indicant pueri, in 
qiuibus ut in speculis natura cernitur. Restatis igitur vos; Fatebuntur Stoici 
haec omnia dicta esse praeclare, neque eam causam Zenoni desciscendi fuisse. 
Verum tamen cum de rebus grandioribus dicas, ipsae res verba rapiunt; Id mihi 
magnum videtur. At coluit ipse amicitias. Duo Reges: constructio interrete.

Quis istud possit, inquit, negare? Nos commodius agimus. Vidit Homerus probari 
fabulam non posse, si cantiunculis tantus irretitus vir teneretur; Nihil sane. 
At iam decimum annum in spelunca iacet. Graece donan, Latine voluptatem vocant. Ut aliquid scire se gaudeant?

Aliter enim explicari, quod quaeritur, non potest. Collatio igitur ista te 
nihil iuvat. Duo enim genera quae erant, fecit tria. Videsne quam sit magna 
dissensio? Sit hoc ultimum bonorum, quod nunc a me defenditur; Quae contraria 
sunt his, malane? Utrum igitur tibi litteram videor an totas paginas 
commovere? Duarum enim vitarum nobis erunt instituta capienda.

    Gracchum patrem non beatiorem fuisse quam fillum, cum alter stabilire rem publicam studuerit, alter evertere.
    Non modo carum sibi quemque, verum etiam vehementer carum esse?
    Sed vobis voluptatum perceptarum recordatio vitam beatam facit, et quidem corpore perceptarum.
    Quasi ego id curem, quid ille aiat aut neget.

    Ego vero volo in virtute vim esse quam maximam;
    Ut alios omittam, hunc appello, quem ille unum secutus est.
    Atqui iste locus est, Piso, tibi etiam atque etiam confirmandus, inquam;
    Tum ille: Tu autem cum ipse tantum librorum habeas, quos hic tandem requiris?
    Et quidem, Cato, hanc totam copiam iam Lucullo nostro notam esse oportebit;

Cur igitur, inquam, res tam dissimiles eodem nomine appellas? Igitur neque 
stultorum quisquam beatus neque sapientium non beatus. Inde sermone vario sex 
illa a Dipylo stadia confecimus. Quae est igitur causa istarum angustiarum? 
Mihi, inquam, qui te id ipsum rogavi?

Nam quid possumus facere melius? Aperiendum est igitur, quid sit voluptas; 
Eiuro, inquit adridens, iniquum, hac quidem de re; Septem autem illi non suo, 
sed populorum suffragio omnium nominati sunt. Suo genere perveniant ad 
extremum; Age, inquies, ista parva sunt. In quibus doctissimi illi veteres 
inesse quiddam caeleste et divinum putaverunt. An me, inquis, tam amentem putas, ut apud imperitos isto modo loquar?

tail.in
